  unittest.cpp
c:\users\ram.thiyagarajan\documents\github\maths\unittest\unittest\unittest.h(4): fatal error C1083: Cannot open include file: 'Vector2.h': No such file or directory
  main.cpp
c:\users\ram.thiyagarajan\documents\github\maths\unittest\unittest\unittest.h(4): fatal error C1083: Cannot open include file: 'Vector2.h': No such file or directory
  Generating Code...
