  Vector3.cpp
  Vector2.cpp
  Matrix3.cpp
  Matrix2.cpp
  Generating Code...
  MathLib.vcxproj -> C:\Users\ram.thiyagarajan\Documents\GitHub\Maths\UnitTest\dependencies\x64\Debug\MathLib.lib
  C:\Users\ram.thiyagarajan\Documents\GitHub\Maths\UnitTest\MathLib\GenLib.h
  The system cannot find the path specified.
  C:\Users\ram.thiyagarajan\Documents\GitHub\Maths\UnitTest\MathLib\Matrix2.h
  The system cannot find the path specified.
  C:\Users\ram.thiyagarajan\Documents\GitHub\Maths\UnitTest\MathLib\Matrix3.h
  The system cannot find the path specified.
  C:\Users\ram.thiyagarajan\Documents\GitHub\Maths\UnitTest\MathLib\Vector2.h
  The system cannot find the path specified.
  C:\Users\ram.thiyagarajan\Documents\GitHub\Maths\UnitTest\MathLib\Vector3.h
  The system cannot find the path specified.
          0 file(s) copied.
C:\Program Files (x86)\Microsoft Visual Studio\2017\Enterprise\Common7\IDE\VC\VCTargets\Microsoft.CppCommon.targets(133,5): error MSB3073: The command "copy "C:\Users\ram.thiyagarajan\Documents\GitHub\Maths\UnitTest\MathLib\*.h" "C:\Users\ram.thiyagarajan\Documents\GitHub\Maths\UnitTest\dependencies\x64\Debug "
C:\Program Files (x86)\Microsoft Visual Studio\2017\Enterprise\Common7\IDE\VC\VCTargets\Microsoft.CppCommon.targets(133,5): error MSB3073: :VCEnd" exited with code 1.
